<?xml version="1.0" encoding="UTF-8"?>
<robot generator="Robot 7.4.2 (Python 3.14.3 on linux)" generated="2026-03-04T15:14:44.682570" rpa="false" schemaversion="5">
<suite id="s1" name="Aulas-Robot" source="/home/marcelo/Projects/aulas-robot">
<suite id="s1-s1" name="Test" source="/home/marcelo/Projects/aulas-robot/test">
<suite id="s1-s1-s1" name="TED" source="/home/marcelo/Projects/aulas-robot/test/TED.robot">
<test id="s1-s1-s1-t1" name="CT_Acessar_App" line="5">
<kw name="Open TED App" owner="openApp">
<kw name="Open Application" owner="AppiumLibrary">
<kw name="Capture Page Screenshot" owner="AppiumLibrary">
<msg time="2026-03-04T15:14:45.058184" level="FAIL">No application is open</msg>
<doc>Takes a screenshot of the current page and embeds it into the log.</doc>
<status status="FAIL" start="2026-03-04T15:14:45.057852" elapsed="0.006791">No application is open</status>
</kw>
<msg time="2026-03-04T15:14:45.065634" level="WARN">Keyword 'Capture Page Screenshot' could not be run on failure: No application is open</msg>
<msg time="2026-03-04T15:14:45.066016" level="FAIL">WebDriverException: Message: Could not find 'adb' in ["/mnt/c/Users/marce/AppData/Local/Android/Sdk/platform-tools/adb","/mnt/c/Users/marce/AppData/Local/Android/Sdk/emulator/adb","/mnt/c/Users/marce/AppData/Local/Android/Sdk/cmdline-tools/latest/bin/adb","/mnt/c/Users/marce/AppData/Local/Android/Sdk/tools/adb","/mnt/c/Users/marce/AppData/Local/Android/Sdk/tools/bin/adb","/mnt/c/Users/marce/AppData/Local/Android/Sdk/adb","/mnt/c/Users/marce/AppData/Local/Android/Sdk/build-tools/36.1.0/adb","/mnt/c/Users/marce/AppData/Local/Android/Sdk/build-tools/36.1.0/lib/adb","/mnt/c/Users/marce/AppData/Local/Android/Sdk/build-tools/36.0.0/adb","/mnt/c/Users/marce/AppData/Local/Android/Sdk/build-tools/36.0.0/lib/adb","/mnt/c/Users/marce/AppData/Local/Android/Sdk/build-tools/35.0.0/adb","/mnt/c/Users/marce/AppData/Local/Android/Sdk/build-tools/35.0.0/lib/adb"]. Do you have Android Build Tools installed at '/mnt/c/Users/marce/AppData/Local/Android/Sdk'?
Stacktrace:
UnknownError: Could not find 'adb' in ["/mnt/c/Users/marce/AppData/Local/Android/Sdk/platform-tools/adb","/mnt/c/Users/marce/AppData/Local/Android/Sdk/emulator/adb","/mnt/c/Users/marce/AppData/Local/Android/Sdk/cmdline-tools/latest/bin/adb","/mnt/c/Users/marce/AppData/Local/Android/Sdk/tools/adb","/mnt/c/Users/marce/AppData/Local/Android/Sdk/tools/bin/adb","/mnt/c/Users/marce/AppData/Local/Android/Sdk/adb","/mnt/c/Users/marce/AppData/Local/Android/Sdk/build-tools/36.1.0/adb","/mnt/c/Users/marce/AppData/Local/Android/Sdk/build-tools/36.1.0/lib/adb","/mnt/c/Users/marce/AppData/Local/Android/Sdk/build-tools/36.0.0/adb","/mnt/c/Users/marce/AppData/Local/Android/Sdk/build-tools/36.0.0/lib/adb","/mnt/c/Users/marce/AppData/Local/Android/Sdk/build-tools/35.0.0/adb","/mnt/c/Users/marce/AppData/Local/Android/Sdk/build-tools/35.0.0/lib/adb"]. Do you have Android Build Tools installed at '/mnt/c/Users/marce/AppData/Local/Android/Sdk'?
    at getResponseForW3CError (/home/marcelo/.asdf/installs/nodejs/22.12.0/lib/node_modules/appium/node_modules/@appium/base-driver/build/lib/protocol/errors.js:824:36)
    at asyncHandler (/home/marcelo/.asdf/installs/nodejs/22.12.0/lib/node_modules/appium/node_modules/@appium/base-driver/build/lib/protocol/protocol.js:402:77)
The above error is caused by
Error: Could not find 'adb' in ["/mnt/c/Users/marce/AppData/Local/Android/Sdk/platform-tools/adb","/mnt/c/Users/marce/AppData/Local/Android/Sdk/emulator/adb","/mnt/c/Users/marce/AppData/Local/Android/Sdk/cmdline-tools/latest/bin/adb","/mnt/c/Users/marce/AppData/Local/Android/Sdk/tools/adb","/mnt/c/Users/marce/AppData/Local/Android/Sdk/tools/bin/adb","/mnt/c/Users/marce/AppData/Local/Android/Sdk/adb","/mnt/c/Users/marce/AppData/Local/Android/Sdk/build-tools/36.1.0/adb","/mnt/c/Users/marce/AppData/Local/Android/Sdk/build-tools/36.1.0/lib/adb","/mnt/c/Users/marce/AppData/Local/Android/Sdk/build-tools/36.0.0/adb","/mnt/c/Users/marce/AppData/Local/Android/Sdk/build-tools/36.0.0/lib/adb","/mnt/c/Users/marce/AppData/Local/Android/Sdk/build-tools/35.0.0/adb","/mnt/c/Users/marce/AppData/Local/Android/Sdk/build-tools/35.0.0/lib/adb"]. Do you have Android Build Tools installed at '/mnt/c/Users/marce/AppData/Local/Android/Sdk'?
    at ADB.getBinaryFromSdkRoot (/home/marcelo/.appium/node_modules/appium-uiautomator2-driver/node_modules/appium-adb/build/lib/tools/system-calls.js:201:15)
    at async ADB.getSdkBinaryPath (/home/marcelo/.appium/node_modules/appium-uiautomator2-driver/node_modules/appium-adb/build/lib/tools/system-calls.js:158:12)
    at async ADB.getAdbWithCorrectAdbPath (/home/marcelo/.appium/node_modules/appium-uiautomator2-driver/node_modules/appium-adb/build/lib/tools/general-commands.js:35:28)
    at async ADB.createADB (/home/marcelo/.appium/node_modules/appium-uiautomator2-driver/node_modules/appium-adb/build/lib/adb.js:159:9)
    at async AndroidUiautomator2Driver.createBaseADB (/home/marcelo/.appium/node_modules/appium-uiautomator2-driver/node_modules/appium-android-driver/build/lib/commands/device/utils.js:127:12)
    at async AndroidUiautomator2Driver.getDeviceInfoFromCaps (/home/marcelo/.appium/node_modules/appium-uiautomator2-driver/node_modules/appium-android-driver/build/lib/commands/device/common.js:64:17)
    at async AndroidUiautomator2Driver.createSession (/home/marcelo/.appium/node_modules/appium-uiautomator2-driver/build/lib/driver.js:211:38)
    at async AppiumDriver.createSession (/home/marcelo/.asdf/installs/nodejs/22.12.0/lib/node_modules/appium/build/lib/appium.js:324:43)</msg>
<arg>remote_url=http://172.31.245.38:4723/wd/hub</arg>
<arg>automationName=UiAutomator2</arg>
<arg>platformName=android</arg>
<arg>deviceName=Pixel 7</arg>
<arg>app=/home/marcelo/Projects/aulas-robot/resource/utils${/}..${/}app${/}app.apk</arg>
<doc>Opens a new application to the given Appium server.
Capabilities of appium server, Android and iOS,
Please check https://appium.io/docs/en/2.19/guides/caps/
| *Option*            | *Man.* | *Description*     |
| remote_url          | Yes    | Appium server url |
| alias               | No     | alias             |</doc>
<status status="FAIL" start="2026-03-04T15:14:44.954092" elapsed="0.113487">WebDriverException: Message: Could not find 'adb' in ["/mnt/c/Users/marce/AppData/Local/Android/Sdk/platform-tools/adb","/mnt/c/Users/marce/AppData/Local/Android/Sdk/emulator/adb","/mnt/c/Users/marce/AppData/Local/Android/Sdk/cmdline-tools/latest/bin/adb","/mnt/c/Users/marce/AppData/Local/Android/Sdk/tools/adb","/mnt/c/Users/marce/AppData/Local/Android/Sdk/tools/bin/adb","/mnt/c/Users/marce/AppData/Local/Android/Sdk/adb","/mnt/c/Users/marce/AppData/Local/Android/Sdk/build-tools/36.1.0/adb","/mnt/c/Users/marce/AppData/Local/Android/Sdk/build-tools/36.1.0/lib/adb","/mnt/c/Users/marce/AppData/Local/Android/Sdk/build-tools/36.0.0/adb","/mnt/c/Users/marce/AppData/Local/Android/Sdk/build-tools/36.0.0/lib/adb","/mnt/c/Users/marce/AppData/Local/Android/Sdk/build-tools/35.0.0/adb","/mnt/c/Users/marce/AppData/Local/Android/Sdk/build-tools/35.0.0/lib/adb"]. Do you have Android Build Tools installed at '/mnt/c/Users/marce/AppData/Local/Android/Sdk'?
Stacktrace:
UnknownError: Could not find 'adb' in ["/mnt/c/Users/marce/AppData/Local/Android/Sdk/platform-tools/adb","/mnt/c/Users/marce/AppData/Local/Android/Sdk/emulator/adb","/mnt/c/Users/marce/AppData/Local/Android/Sdk/cmdline-tools/latest/bin/adb","/mnt/c/Users/marce/AppData/Local/Android/Sdk/tools/adb","/mnt/c/Users/marce/AppData/Local/Android/Sdk/tools/bin/adb","/mnt/c/Users/marce/AppData/Local/Android/Sdk/adb","/mnt/c/Users/marce/AppData/Local/Android/Sdk/build-too...
    [ Message content over the limit has been removed. ]
...t ADB.getBinaryFromSdkRoot (/home/marcelo/.appium/node_modules/appium-uiautomator2-driver/node_modules/appium-adb/build/lib/tools/system-calls.js:201:15)
    at async ADB.getSdkBinaryPath (/home/marcelo/.appium/node_modules/appium-uiautomator2-driver/node_modules/appium-adb/build/lib/tools/system-calls.js:158:12)
    at async ADB.getAdbWithCorrectAdbPath (/home/marcelo/.appium/node_modules/appium-uiautomator2-driver/node_modules/appium-adb/build/lib/tools/general-commands.js:35:28)
    at async ADB.createADB (/home/marcelo/.appium/node_modules/appium-uiautomator2-driver/node_modules/appium-adb/build/lib/adb.js:159:9)
    at async AndroidUiautomator2Driver.createBaseADB (/home/marcelo/.appium/node_modules/appium-uiautomator2-driver/node_modules/appium-android-driver/build/lib/commands/device/utils.js:127:12)
    at async AndroidUiautomator2Driver.getDeviceInfoFromCaps (/home/marcelo/.appium/node_modules/appium-uiautomator2-driver/node_modules/appium-android-driver/build/lib/commands/device/common.js:64:17)
    at async AndroidUiautomator2Driver.createSession (/home/marcelo/.appium/node_modules/appium-uiautomator2-driver/build/lib/driver.js:211:38)
    at async AppiumDriver.createSession (/home/marcelo/.asdf/installs/nodejs/22.12.0/lib/node_modules/appium/build/lib/appium.js:324:43)</status>
</kw>
<status status="FAIL" start="2026-03-04T15:14:44.953413" elapsed="0.114393">WebDriverException: Message: Could not find 'adb' in ["/mnt/c/Users/marce/AppData/Local/Android/Sdk/platform-tools/adb","/mnt/c/Users/marce/AppData/Local/Android/Sdk/emulator/adb","/mnt/c/Users/marce/AppData/Local/Android/Sdk/cmdline-tools/latest/bin/adb","/mnt/c/Users/marce/AppData/Local/Android/Sdk/tools/adb","/mnt/c/Users/marce/AppData/Local/Android/Sdk/tools/bin/adb","/mnt/c/Users/marce/AppData/Local/Android/Sdk/adb","/mnt/c/Users/marce/AppData/Local/Android/Sdk/build-tools/36.1.0/adb","/mnt/c/Users/marce/AppData/Local/Android/Sdk/build-tools/36.1.0/lib/adb","/mnt/c/Users/marce/AppData/Local/Android/Sdk/build-tools/36.0.0/adb","/mnt/c/Users/marce/AppData/Local/Android/Sdk/build-tools/36.0.0/lib/adb","/mnt/c/Users/marce/AppData/Local/Android/Sdk/build-tools/35.0.0/adb","/mnt/c/Users/marce/AppData/Local/Android/Sdk/build-tools/35.0.0/lib/adb"]. Do you have Android Build Tools installed at '/mnt/c/Users/marce/AppData/Local/Android/Sdk'?
Stacktrace:
UnknownError: Could not find 'adb' in ["/mnt/c/Users/marce/AppData/Local/Android/Sdk/platform-tools/adb","/mnt/c/Users/marce/AppData/Local/Android/Sdk/emulator/adb","/mnt/c/Users/marce/AppData/Local/Android/Sdk/cmdline-tools/latest/bin/adb","/mnt/c/Users/marce/AppData/Local/Android/Sdk/tools/adb","/mnt/c/Users/marce/AppData/Local/Android/Sdk/tools/bin/adb","/mnt/c/Users/marce/AppData/Local/Android/Sdk/adb","/mnt/c/Users/marce/AppData/Local/Android/Sdk/build-too...
    [ Message content over the limit has been removed. ]
...t ADB.getBinaryFromSdkRoot (/home/marcelo/.appium/node_modules/appium-uiautomator2-driver/node_modules/appium-adb/build/lib/tools/system-calls.js:201:15)
    at async ADB.getSdkBinaryPath (/home/marcelo/.appium/node_modules/appium-uiautomator2-driver/node_modules/appium-adb/build/lib/tools/system-calls.js:158:12)
    at async ADB.getAdbWithCorrectAdbPath (/home/marcelo/.appium/node_modules/appium-uiautomator2-driver/node_modules/appium-adb/build/lib/tools/general-commands.js:35:28)
    at async ADB.createADB (/home/marcelo/.appium/node_modules/appium-uiautomator2-driver/node_modules/appium-adb/build/lib/adb.js:159:9)
    at async AndroidUiautomator2Driver.createBaseADB (/home/marcelo/.appium/node_modules/appium-uiautomator2-driver/node_modules/appium-android-driver/build/lib/commands/device/utils.js:127:12)
    at async AndroidUiautomator2Driver.getDeviceInfoFromCaps (/home/marcelo/.appium/node_modules/appium-uiautomator2-driver/node_modules/appium-android-driver/build/lib/commands/device/common.js:64:17)
    at async AndroidUiautomator2Driver.createSession (/home/marcelo/.appium/node_modules/appium-uiautomator2-driver/build/lib/driver.js:211:38)
    at async AppiumDriver.createSession (/home/marcelo/.asdf/installs/nodejs/22.12.0/lib/node_modules/appium/build/lib/appium.js:324:43)</status>
</kw>
<kw name="Sleep" owner="BuiltIn">
<arg>30</arg>
<doc>Pauses the test executed for the given time.</doc>
<status status="NOT RUN" start="2026-03-04T15:14:45.068036" elapsed="0.000028"/>
</kw>
<status status="FAIL" start="2026-03-04T15:14:44.952637" elapsed="0.115730">WebDriverException: Message: Could not find 'adb' in ["/mnt/c/Users/marce/AppData/Local/Android/Sdk/platform-tools/adb","/mnt/c/Users/marce/AppData/Local/Android/Sdk/emulator/adb","/mnt/c/Users/marce/AppData/Local/Android/Sdk/cmdline-tools/latest/bin/adb","/mnt/c/Users/marce/AppData/Local/Android/Sdk/tools/adb","/mnt/c/Users/marce/AppData/Local/Android/Sdk/tools/bin/adb","/mnt/c/Users/marce/AppData/Local/Android/Sdk/adb","/mnt/c/Users/marce/AppData/Local/Android/Sdk/build-tools/36.1.0/adb","/mnt/c/Users/marce/AppData/Local/Android/Sdk/build-tools/36.1.0/lib/adb","/mnt/c/Users/marce/AppData/Local/Android/Sdk/build-tools/36.0.0/adb","/mnt/c/Users/marce/AppData/Local/Android/Sdk/build-tools/36.0.0/lib/adb","/mnt/c/Users/marce/AppData/Local/Android/Sdk/build-tools/35.0.0/adb","/mnt/c/Users/marce/AppData/Local/Android/Sdk/build-tools/35.0.0/lib/adb"]. Do you have Android Build Tools installed at '/mnt/c/Users/marce/AppData/Local/Android/Sdk'?
Stacktrace:
UnknownError: Could not find 'adb' in ["/mnt/c/Users/marce/AppData/Local/Android/Sdk/platform-tools/adb","/mnt/c/Users/marce/AppData/Local/Android/Sdk/emulator/adb","/mnt/c/Users/marce/AppData/Local/Android/Sdk/cmdline-tools/latest/bin/adb","/mnt/c/Users/marce/AppData/Local/Android/Sdk/tools/adb","/mnt/c/Users/marce/AppData/Local/Android/Sdk/tools/bin/adb","/mnt/c/Users/marce/AppData/Local/Android/Sdk/adb","/mnt/c/Users/marce/AppData/Local/Android/Sdk/build-too...
    [ Message content over the limit has been removed. ]
...t ADB.getBinaryFromSdkRoot (/home/marcelo/.appium/node_modules/appium-uiautomator2-driver/node_modules/appium-adb/build/lib/tools/system-calls.js:201:15)
    at async ADB.getSdkBinaryPath (/home/marcelo/.appium/node_modules/appium-uiautomator2-driver/node_modules/appium-adb/build/lib/tools/system-calls.js:158:12)
    at async ADB.getAdbWithCorrectAdbPath (/home/marcelo/.appium/node_modules/appium-uiautomator2-driver/node_modules/appium-adb/build/lib/tools/general-commands.js:35:28)
    at async ADB.createADB (/home/marcelo/.appium/node_modules/appium-uiautomator2-driver/node_modules/appium-adb/build/lib/adb.js:159:9)
    at async AndroidUiautomator2Driver.createBaseADB (/home/marcelo/.appium/node_modules/appium-uiautomator2-driver/node_modules/appium-android-driver/build/lib/commands/device/utils.js:127:12)
    at async AndroidUiautomator2Driver.getDeviceInfoFromCaps (/home/marcelo/.appium/node_modules/appium-uiautomator2-driver/node_modules/appium-android-driver/build/lib/commands/device/common.js:64:17)
    at async AndroidUiautomator2Driver.createSession (/home/marcelo/.appium/node_modules/appium-uiautomator2-driver/build/lib/driver.js:211:38)
    at async AppiumDriver.createSession (/home/marcelo/.asdf/installs/nodejs/22.12.0/lib/node_modules/appium/build/lib/appium.js:324:43)</status>
</test>
<status status="FAIL" start="2026-03-04T15:14:44.728477" elapsed="0.340595"/>
</suite>
<status status="FAIL" start="2026-03-04T15:14:44.727402" elapsed="0.342355"/>
</suite>
<status status="FAIL" start="2026-03-04T15:14:44.683493" elapsed="0.386839"/>
</suite>
<statistics>
<total>
<stat pass="0" fail="1" skip="0">All Tests</stat>
</total>
<tag>
</tag>
<suite>
<stat name="Aulas-Robot" id="s1" pass="0" fail="1" skip="0">Aulas-Robot</stat>
<stat name="Test" id="s1-s1" pass="0" fail="1" skip="0">Aulas-Robot.Test</stat>
<stat name="TED" id="s1-s1-s1" pass="0" fail="1" skip="0">Aulas-Robot.Test.TED</stat>
</suite>
</statistics>
<errors>
<msg time="2026-03-04T15:14:45.065634" level="WARN">Keyword 'Capture Page Screenshot' could not be run on failure: No application is open</msg>
</errors>
</robot>
