<?xml version="1.0" encoding="UTF-8"?>
<robot generator="Robot 7.4.2 (Python 3.14.3 on linux)" generated="2026-03-04T14:58:22.504129" rpa="false" schemaversion="5">
<suite id="s1" name="Aulas-Robot" source="/home/marcelo/Projects/aulas-robot">
<suite id="s1-s1" name="Test" source="/home/marcelo/Projects/aulas-robot/test">
<suite id="s1-s1-s1" name="TED" source="/home/marcelo/Projects/aulas-robot/test/TED.robot">
<test id="s1-s1-s1-t1" name="CT_Acessar_App" line="5">
<kw name="Open TED App" owner="openApp">
<kw name="Open Application" owner="AppiumLibrary">
<kw name="Capture Page Screenshot" owner="AppiumLibrary">
<msg time="2026-03-04T14:58:22.794071" level="FAIL">No application is open</msg>
<doc>Takes a screenshot of the current page and embeds it into the log.</doc>
<status status="FAIL" start="2026-03-04T14:58:22.793575" elapsed="0.014173">No application is open</status>
</kw>
<msg time="2026-03-04T14:58:22.808857" level="WARN">Keyword 'Capture Page Screenshot' could not be run on failure: No application is open</msg>
<msg time="2026-03-04T14:58:22.909447" level="FAIL">WebDriverException: Message: The requested resource could not be found, or a request was received using an HTTP method that is not supported by the mapped resource.
Stacktrace:
UnknownCommandError: The requested resource could not be found, or a request was received using an HTTP method that is not supported by the mapped resource.
    at catch404Handler (/home/marcelo/.asdf/installs/nodejs/22.12.0/lib/node_modules/appium/node_modules/@appium/base-driver/build/lib/express/middleware.js:154:65)
    at Layer.handleRequest (/home/marcelo/.asdf/installs/nodejs/22.12.0/lib/node_modules/appium/node_modules/router/lib/layer.js:152:17)
    at next (/home/marcelo/.asdf/installs/nodejs/22.12.0/lib/node_modules/appium/node_modules/router/lib/route.js:157:13)
    at Route.dispatch (/home/marcelo/.asdf/installs/nodejs/22.12.0/lib/node_modules/appium/node_modules/router/lib/route.js:117:3)
    at handle (/home/marcelo/.asdf/installs/nodejs/22.12.0/lib/node_modules/appium/node_modules/router/index.js:435:11)
    at Layer.handleRequest (/home/marcelo/.asdf/installs/nodejs/22.12.0/lib/node_modules/appium/node_modules/router/lib/layer.js:152:17)
    at /home/marcelo/.asdf/installs/nodejs/22.12.0/lib/node_modules/appium/node_modules/router/index.js:295:15
    at param (/home/marcelo/.asdf/installs/nodejs/22.12.0/lib/node_modules/appium/node_modules/router/index.js:600:14)
    at param (/home/marcelo/.asdf/installs/nodejs/22.12.0/lib/node_modules/appium/node_modules/router/index.js:610:14)
    at processParams (/home/marcelo/.asdf/installs/nodejs/22.12.0/lib/node_modules/appium/node_modules/router/index.js:664:3)
    at next (/home/marcelo/.asdf/installs/nodejs/22.12.0/lib/node_modules/appium/node_modules/router/index.js:291:5)
    at logger (/home/marcelo/.asdf/installs/nodejs/22.12.0/lib/node_modules/appium/node_modules/morgan/index.js:144:5)
    at Layer.handleRequest (/home/marcelo/.asdf/installs/nodejs/22.12.0/lib/node_modules/appium/node_modules/router/lib/layer.js:152:17)
    at trimPrefix (/home/marcelo/.asdf/installs/nodejs/22.12.0/lib/node_modules/appium/node_modules/router/index.js:342:13)
    at /home/marcelo/.asdf/installs/nodejs/22.12.0/lib/node_modules/appium/node_modules/router/index.js:297:9
    at processParams (/home/marcelo/.asdf/installs/nodejs/22.12.0/lib/node_modules/appium/node_modules/router/index.js:582:12)
    at next (/home/marcelo/.asdf/installs/nodejs/22.12.0/lib/node_modules/appium/node_modules/router/index.js:291:5)
    at /home/marcelo/.asdf/installs/nodejs/22.12.0/lib/node_modules/appium/node_modules/body-parser/lib/read.js:171:5
    at AsyncResource.runInAsyncScope (node:async_hooks:211:14)
    at invokeCallback (/home/marcelo/.asdf/installs/nodejs/22.12.0/lib/node_modules/appium/node_modules/raw-body/index.js:238:16)
    at done (/home/marcelo/.asdf/installs/nodejs/22.12.0/lib/node_modules/appium/node_modules/raw-body/index.js:227:7)
    at IncomingMessage.onEnd (/home/marcelo/.asdf/installs/nodejs/22.12.0/lib/node_modules/appium/node_modules/raw-body/index.js:287:7)</msg>
<arg>remote_url=http://172.31.245.38:4723/wd/hub</arg>
<arg>automationName=UiAutomator2</arg>
<arg>platformName=android</arg>
<arg>deviceName=Pixel 7</arg>
<arg>app=/home/marcelo/Projects/aulas-robot/resource/utils${/}..${/}app${/}app.apk</arg>
<doc>Opens a new application to the given Appium server.
Capabilities of appium server, Android and iOS,
Please check https://appium.io/docs/en/2.19/guides/caps/
| *Option*            | *Man.* | *Description*     |
| remote_url          | Yes    | Appium server url |
| alias               | No     | alias             |</doc>
<status status="FAIL" start="2026-03-04T14:58:22.758124" elapsed="0.202527">WebDriverException: Message: The requested resource could not be found, or a request was received using an HTTP method that is not supported by the mapped resource.
Stacktrace:
UnknownCommandError: The requested resource could not be found, or a request was received using an HTTP method that is not supported by the mapped resource.
    at catch404Handler (/home/marcelo/.asdf/installs/nodejs/22.12.0/lib/node_modules/appium/node_modules/@appium/base-driver/build/lib/express/middleware.js:154:65)
    at Layer.handleRequest (/home/marcelo/.asdf/installs/nodejs/22.12.0/lib/node_modules/appium/node_modules/router/lib/layer.js:152:17)
    at next (/home/marcelo/.asdf/installs/nodejs/22.12.0/lib/node_modules/appium/node_modules/router/lib/route.js:157:13)
    at Route.dispatch (/home/marcelo/.asdf/installs/nodejs/22.12.0/lib/node_modules/appium/node_modules/router/lib/route.js:117:3)
    at handle (/home/marcelo/.asdf/installs/nodejs/22.12.0/lib/node_modules/appium/node_modules/router/index.js:435:11)
    at Layer.handleRequest (/home/marcelo/.asdf/installs/nodejs/22.12.0/lib/node_modules/appium/node_modules/router/lib/layer.js:152:17)
    at /home/marcelo/.asdf/installs/nodejs/22.12.0/lib/node_modules/appium/...
    [ Message content over the limit has been removed. ]
.../nodejs/22.12.0/lib/node_modules/appium/node_modules/morgan/index.js:144:5)
    at Layer.handleRequest (/home/marcelo/.asdf/installs/nodejs/22.12.0/lib/node_modules/appium/node_modules/router/lib/layer.js:152:17)
    at trimPrefix (/home/marcelo/.asdf/installs/nodejs/22.12.0/lib/node_modules/appium/node_modules/router/index.js:342:13)
    at /home/marcelo/.asdf/installs/nodejs/22.12.0/lib/node_modules/appium/node_modules/router/index.js:297:9
    at processParams (/home/marcelo/.asdf/installs/nodejs/22.12.0/lib/node_modules/appium/node_modules/router/index.js:582:12)
    at next (/home/marcelo/.asdf/installs/nodejs/22.12.0/lib/node_modules/appium/node_modules/router/index.js:291:5)
    at /home/marcelo/.asdf/installs/nodejs/22.12.0/lib/node_modules/appium/node_modules/body-parser/lib/read.js:171:5
    at AsyncResource.runInAsyncScope (node:async_hooks:211:14)
    at invokeCallback (/home/marcelo/.asdf/installs/nodejs/22.12.0/lib/node_modules/appium/node_modules/raw-body/index.js:238:16)
    at done (/home/marcelo/.asdf/installs/nodejs/22.12.0/lib/node_modules/appium/node_modules/raw-body/index.js:227:7)
    at IncomingMessage.onEnd (/home/marcelo/.asdf/installs/nodejs/22.12.0/lib/node_modules/appium/node_modules/raw-body/index.js:287:7)</status>
</kw>
<status status="FAIL" start="2026-03-04T14:58:22.757248" elapsed="0.203772">WebDriverException: Message: The requested resource could not be found, or a request was received using an HTTP method that is not supported by the mapped resource.
Stacktrace:
UnknownCommandError: The requested resource could not be found, or a request was received using an HTTP method that is not supported by the mapped resource.
    at catch404Handler (/home/marcelo/.asdf/installs/nodejs/22.12.0/lib/node_modules/appium/node_modules/@appium/base-driver/build/lib/express/middleware.js:154:65)
    at Layer.handleRequest (/home/marcelo/.asdf/installs/nodejs/22.12.0/lib/node_modules/appium/node_modules/router/lib/layer.js:152:17)
    at next (/home/marcelo/.asdf/installs/nodejs/22.12.0/lib/node_modules/appium/node_modules/router/lib/route.js:157:13)
    at Route.dispatch (/home/marcelo/.asdf/installs/nodejs/22.12.0/lib/node_modules/appium/node_modules/router/lib/route.js:117:3)
    at handle (/home/marcelo/.asdf/installs/nodejs/22.12.0/lib/node_modules/appium/node_modules/router/index.js:435:11)
    at Layer.handleRequest (/home/marcelo/.asdf/installs/nodejs/22.12.0/lib/node_modules/appium/node_modules/router/lib/layer.js:152:17)
    at /home/marcelo/.asdf/installs/nodejs/22.12.0/lib/node_modules/appium/...
    [ Message content over the limit has been removed. ]
.../nodejs/22.12.0/lib/node_modules/appium/node_modules/morgan/index.js:144:5)
    at Layer.handleRequest (/home/marcelo/.asdf/installs/nodejs/22.12.0/lib/node_modules/appium/node_modules/router/lib/layer.js:152:17)
    at trimPrefix (/home/marcelo/.asdf/installs/nodejs/22.12.0/lib/node_modules/appium/node_modules/router/index.js:342:13)
    at /home/marcelo/.asdf/installs/nodejs/22.12.0/lib/node_modules/appium/node_modules/router/index.js:297:9
    at processParams (/home/marcelo/.asdf/installs/nodejs/22.12.0/lib/node_modules/appium/node_modules/router/index.js:582:12)
    at next (/home/marcelo/.asdf/installs/nodejs/22.12.0/lib/node_modules/appium/node_modules/router/index.js:291:5)
    at /home/marcelo/.asdf/installs/nodejs/22.12.0/lib/node_modules/appium/node_modules/body-parser/lib/read.js:171:5
    at AsyncResource.runInAsyncScope (node:async_hooks:211:14)
    at invokeCallback (/home/marcelo/.asdf/installs/nodejs/22.12.0/lib/node_modules/appium/node_modules/raw-body/index.js:238:16)
    at done (/home/marcelo/.asdf/installs/nodejs/22.12.0/lib/node_modules/appium/node_modules/raw-body/index.js:227:7)
    at IncomingMessage.onEnd (/home/marcelo/.asdf/installs/nodejs/22.12.0/lib/node_modules/appium/node_modules/raw-body/index.js:287:7)</status>
</kw>
<kw name="Sleep" owner="BuiltIn">
<arg>30</arg>
<doc>Pauses the test executed for the given time.</doc>
<status status="NOT RUN" start="2026-03-04T14:58:22.961336" elapsed="0.000127"/>
</kw>
<status status="FAIL" start="2026-03-04T14:58:22.747519" elapsed="0.214257">WebDriverException: Message: The requested resource could not be found, or a request was received using an HTTP method that is not supported by the mapped resource.
Stacktrace:
UnknownCommandError: The requested resource could not be found, or a request was received using an HTTP method that is not supported by the mapped resource.
    at catch404Handler (/home/marcelo/.asdf/installs/nodejs/22.12.0/lib/node_modules/appium/node_modules/@appium/base-driver/build/lib/express/middleware.js:154:65)
    at Layer.handleRequest (/home/marcelo/.asdf/installs/nodejs/22.12.0/lib/node_modules/appium/node_modules/router/lib/layer.js:152:17)
    at next (/home/marcelo/.asdf/installs/nodejs/22.12.0/lib/node_modules/appium/node_modules/router/lib/route.js:157:13)
    at Route.dispatch (/home/marcelo/.asdf/installs/nodejs/22.12.0/lib/node_modules/appium/node_modules/router/lib/route.js:117:3)
    at handle (/home/marcelo/.asdf/installs/nodejs/22.12.0/lib/node_modules/appium/node_modules/router/index.js:435:11)
    at Layer.handleRequest (/home/marcelo/.asdf/installs/nodejs/22.12.0/lib/node_modules/appium/node_modules/router/lib/layer.js:152:17)
    at /home/marcelo/.asdf/installs/nodejs/22.12.0/lib/node_modules/appium/...
    [ Message content over the limit has been removed. ]
.../nodejs/22.12.0/lib/node_modules/appium/node_modules/morgan/index.js:144:5)
    at Layer.handleRequest (/home/marcelo/.asdf/installs/nodejs/22.12.0/lib/node_modules/appium/node_modules/router/lib/layer.js:152:17)
    at trimPrefix (/home/marcelo/.asdf/installs/nodejs/22.12.0/lib/node_modules/appium/node_modules/router/index.js:342:13)
    at /home/marcelo/.asdf/installs/nodejs/22.12.0/lib/node_modules/appium/node_modules/router/index.js:297:9
    at processParams (/home/marcelo/.asdf/installs/nodejs/22.12.0/lib/node_modules/appium/node_modules/router/index.js:582:12)
    at next (/home/marcelo/.asdf/installs/nodejs/22.12.0/lib/node_modules/appium/node_modules/router/index.js:291:5)
    at /home/marcelo/.asdf/installs/nodejs/22.12.0/lib/node_modules/appium/node_modules/body-parser/lib/read.js:171:5
    at AsyncResource.runInAsyncScope (node:async_hooks:211:14)
    at invokeCallback (/home/marcelo/.asdf/installs/nodejs/22.12.0/lib/node_modules/appium/node_modules/raw-body/index.js:238:16)
    at done (/home/marcelo/.asdf/installs/nodejs/22.12.0/lib/node_modules/appium/node_modules/raw-body/index.js:227:7)
    at IncomingMessage.onEnd (/home/marcelo/.asdf/installs/nodejs/22.12.0/lib/node_modules/appium/node_modules/raw-body/index.js:287:7)</status>
</test>
<status status="FAIL" start="2026-03-04T14:58:22.612790" elapsed="0.365375"/>
</suite>
<status status="FAIL" start="2026-03-04T14:58:22.604630" elapsed="0.379972"/>
</suite>
<status status="FAIL" start="2026-03-04T14:58:22.508866" elapsed="0.489133"/>
</suite>
<statistics>
<total>
<stat pass="0" fail="1" skip="0">All Tests</stat>
</total>
<tag>
</tag>
<suite>
<stat name="Aulas-Robot" id="s1" pass="0" fail="1" skip="0">Aulas-Robot</stat>
<stat name="Test" id="s1-s1" pass="0" fail="1" skip="0">Aulas-Robot.Test</stat>
<stat name="TED" id="s1-s1-s1" pass="0" fail="1" skip="0">Aulas-Robot.Test.TED</stat>
</suite>
</statistics>
<errors>
<msg time="2026-03-04T14:58:22.808857" level="WARN">Keyword 'Capture Page Screenshot' could not be run on failure: No application is open</msg>
</errors>
</robot>
