<?xml version="1.0" encoding="UTF-8"?>
<robot generator="Robot 7.4.2 (Python 3.14.3 on linux)" generated="2026-03-06T00:35:15.823323" rpa="false" schemaversion="5">
<suite id="s1" name="Aulas-Robotframework" source="/home/marcelo/Projects/aulas-robotframework">
<suite id="s1-s1" name="Test" source="/home/marcelo/Projects/aulas-robotframework/test">
<suite id="s1-s1-s1" name="TED" source="/home/marcelo/Projects/aulas-robotframework/test/TED.robot">
<test id="s1-s1-s1-t1" name="CT_Acessar_App" line="5">
<kw name="Open TED App" owner="openApp">
<kw name="Open Application" owner="AppiumLibrary">
<arg>remote_url=http://127.0.0.1:4723</arg>
<arg>automationName=UiAutomator2</arg>
<arg>platformName=android</arg>
<arg>deviceName=RX8R604GVDH</arg>
<arg>app=/home/marcelo/Projects/aulas-robotframework/resource/utils/../app/app.apk</arg>
<doc>Opens a new application to the given Appium server.
Capabilities of appium server, Android and iOS,
Please check https://appium.io/docs/en/2.19/guides/caps/
| *Option*            | *Man.* | *Description*     |
| remote_url          | Yes    | Appium server url |
| alias               | No     | alias             |</doc>
<status status="PASS" start="2026-03-06T00:35:24.704419" elapsed="51.055135"/>
</kw>
<status status="PASS" start="2026-03-06T00:35:24.703682" elapsed="51.056142"/>
</kw>
<kw name="Sleep" owner="BuiltIn">
<msg time="2026-03-06T00:36:45.760547" level="INFO">Slept 30 seconds.</msg>
<arg>30</arg>
<doc>Pauses the test executed for the given time.</doc>
<status status="PASS" start="2026-03-06T00:36:15.760038" elapsed="30.000813"/>
</kw>
<status status="PASS" start="2026-03-06T00:35:24.700831" elapsed="81.060502"/>
</test>
<status status="PASS" start="2026-03-06T00:35:16.171227" elapsed="89.594623"/>
</suite>
<status status="PASS" start="2026-03-06T00:35:16.167988" elapsed="89.600142"/>
</suite>
<status status="PASS" start="2026-03-06T00:35:15.831597" elapsed="89.938607"/>
</suite>
<statistics>
<total>
<stat pass="1" fail="0" skip="0">All Tests</stat>
</total>
<tag>
</tag>
<suite>
<stat name="Aulas-Robotframework" id="s1" pass="1" fail="0" skip="0">Aulas-Robotframework</stat>
<stat name="Test" id="s1-s1" pass="1" fail="0" skip="0">Aulas-Robotframework.Test</stat>
<stat name="TED" id="s1-s1-s1" pass="1" fail="0" skip="0">Aulas-Robotframework.Test.TED</stat>
</suite>
</statistics>
<errors>
</errors>
</robot>
